<!DOCTYPE html>
<html>
<head>
    <title>Unittest Results</title>
    <meta charset="utf-8">
    <meta name="viewport" content="width=device-width, initial-scale=1.0">
    <link rel="stylesheet" href="https://maxcdn.bootstrapcdn.com/bootstrap/3.3.6/css/bootstrap.min.css" integrity="sha384-1q8mTJOASx8j1Au+a5WDVnPi2lkFfwwEAa8hDDdjZlpLegxhjVME1fgjWPGmkzs7" crossorigin="anonymous">
</head>
<body>
    <div class="container">
        <div class="row">
            <div class="col-xs-12">
                <h2 class="text-capitalize">Unittest Results</h2>
                <p class='attribute'><strong>Start Time: </strong>2023-05-31 15:52:24</p>
                <p class='attribute'><strong>Duration: </strong>24.99 s</p>
                <p class='attribute'><strong>Summary: </strong>Total: 2, Pass: 0, Error: 2</p>
            </div>
        </div>
        <div class="row">
            <div class="col-xs-12 col-sm-10 col-md-10">
                <table class='table table-hover table-responsive'>
                    <thead>
                        <tr>
                            <th>__main__.Test</th>
                            <th>Status</th>
                            <th></th>
                        </tr>
                    </thead>
                    <tbody>
                        <tr class='warning'>
                            <td class="col-xs-10">test_invalid</td>
                            <td class="col-xs-1">
                                <span class="label label-warning" style="display:block;width:40px;">Error</span>
                            </td>
                            <td class="col-xs-1">
                                <button class="btn btn-default btn-xs">View</button>
                            </td>
                        </tr>
                        <tr style="display:none;">
                            <td class="col-xs-9" colspan="3"><p style="color:maroon;">TimeoutException: Message: 
</p><p style="color:maroon;">Traceback (most recent call last):
  File "C:\Users\Lenovo\PycharmProjects\NewProject\secondTry.py", line 59, in test_invalid
    WebDriverWait(self.driver, 10).until(EC.element_to_be_clickable((By.XPATH, "/html/body/app-root/div/mat-sidenav-container/mat-sidenav-content/div/app-create-principal/app-principal-form/mat-card/mat-card-content/form/button"))).send_keys(Keys.RETURN)
    ^^^^^^^^^^^^^^^^^^^^^^^^^^^^^^^^^^^^^^^^^^^^^^^^^^^^^^^^^^^^^^^^^^^^^^^^^^^^^^^^^^^^^^^^^^^^^^^^^^^^^^^^^^^^^^^^^^^^^^^^^^^^^^^^^^^^^^^^^^^^^^^^^^^^^^^^^^^^^^^^^^^^^^^^^^^^^^^^^^^^^^^^^^^^^^^^^^^^^^^^^^^^^^^^^^^^^^^^^^^^^^^^^^^
  File "C:\Users\Lenovo\AppData\Local\Programs\Python\Python311\Lib\site-packages\selenium\webdriver\support\wait.py", line 95, in until
    raise TimeoutException(message, screen, stacktrace)
selenium.common.exceptions.TimeoutException: Message: 

</p>
                            </td>
                        </tr>
                        <tr class='warning'>
                            <td class="col-xs-10">test_valid</td>
                            <td class="col-xs-1">
                                <span class="label label-warning" style="display:block;width:40px;">Error</span>
                            </td>
                            <td class="col-xs-1">
                                <button class="btn btn-default btn-xs">View</button>
                            </td>
                        </tr>
                        <tr style="display:none;">
                            <td class="col-xs-9" colspan="3"><p style="color:maroon;">TimeoutException: Message: 
Stacktrace:
Backtrace:
	GetHandleVerifier [0x00EC8893+48451]
	(No symbol) [0x00E5B8A1]
	(No symbol) [0x00D65058]
	(No symbol) [0x00D90467]
	(No symbol) [0x00D9069B]
	(No symbol) [0x00DBDD92]
	(No symbol) [0x00DAA304]
	(No symbol) [0x00DBC482]
	(No symbol) [0x00DAA0B6]
	(No symbol) [0x00D87E08]
	(No symbol) [0x00D88F2D]
	GetHandleVerifier [0x01128E3A+2540266]
	GetHandleVerifier [0x01168959+2801161]
	GetHandleVerifier [0x0116295C+2776588]
	GetHandleVerifier [0x00F52280+612144]
	(No symbol) [0x00E64F6C]
	(No symbol) [0x00E611D8]
	(No symbol) [0x00E612BB]
	(No symbol) [0x00E54857]
	BaseThreadInitThunk [0x76427D59+25]
	RtlInitializeExceptionChain [0x7773B74B+107]
	RtlClearBits [0x7773B6CF+191]
</p><p style="color:maroon;">Traceback (most recent call last):
  File "C:\Users\Lenovo\PycharmProjects\NewProject\secondTry.py", line 36, in test_valid
    WebDriverWait(self.driver, 10).until(EC.element_to_be_clickable((By.ID, "mat-input-5"))).send_keys(principal_number)
    ^^^^^^^^^^^^^^^^^^^^^^^^^^^^^^^^^^^^^^^^^^^^^^^^^^^^^^^^^^^^^^^^^^^^^^^^^^^^^^^^^^^^^^^^
  File "C:\Users\Lenovo\AppData\Local\Programs\Python\Python311\Lib\site-packages\selenium\webdriver\support\wait.py", line 95, in until
    raise TimeoutException(message, screen, stacktrace)
selenium.common.exceptions.TimeoutException: Message: 
Stacktrace:
Backtrace:
	GetHandleVerifier [0x00EC8893+48451]
	(No symbol) [0x00E5B8A1]
	(No symbol) [0x00D65058]
	(No symbol) [0x00D90467]
	(No symbol) [0x00D9069B]
	(No symbol) [0x00DBDD92]
	(No symbol) [0x00DAA304]
	(No symbol) [0x00DBC482]
	(No symbol) [0x00DAA0B6]
	(No symbol) [0x00D87E08]
	(No symbol) [0x00D88F2D]
	GetHandleVerifier [0x01128E3A+2540266]
	GetHandleVerifier [0x01168959+2801161]
	GetHandleVerifier [0x0116295C+2776588]
	GetHandleVerifier [0x00F52280+612144]
	(No symbol) [0x00E64F6C]
	(No symbol) [0x00E611D8]
	(No symbol) [0x00E612BB]
	(No symbol) [0x00E54857]
	BaseThreadInitThunk [0x76427D59+25]
	RtlInitializeExceptionChain [0x7773B74B+107]
	RtlClearBits [0x7773B6CF+191]

</p>
                            </td>
                        </tr>
                        <tr>
                            <td colspan="3">
                                Total: 2, Pass: 0, Error: 2 -- Duration: 24.99 s
                            </td>
                        </tr>
                    </tbody>
                </table>
            </div>
        </div>
    </div>
    <script src="https://ajax.googleapis.com/ajax/libs/jquery/2.2.4/jquery.min.js"></script>
    <script type="text/javascript">
        $(document).ready(function(){
            $('td').on('click', '.btn', function(e){
                e.preventDefault();
                e.stopImmediatePropagation();
                var $this = $(this);
                var $nextRow = $this.closest('tr').next('tr');
                $nextRow.slideToggle("fast");
                $this.text(function(i, text){
                    if (text === 'View') {
                        return 'Hide';
                    } else {
                        return 'View';
                    };
                });
            });
        });
    </script>
</body>
</html